{"level":"info","message":"Starting points of interest application! :-)","service":"user-service"}
{"level":"info","message":"Starting points of interest application! :-)","service":"user-service"}
{"level":"info","message":"Starting points of interest application! :-)","service":"user-service"}
{"level":"info","message":"Starting points of interest application! :-)","service":"user-service"}
{"level":"info","message":"Starting points of interest application! :-)","service":"user-service"}
{"level":"debug","message":"Debugging test","service":"user-service"}
{"level":"info","message":"Starting points of interest application! :-)","service":"user-service"}
{"level":"debug","message":"Debugging test","service":"user-service"}
2019-11-18T18:30:33.773Z [This is a warning dog] error: This is a mistake
2019-11-18T18:30:33.775Z [This is a warning dog] info: Starting points of interest application! :-)
2019-11-18T18:30:33.776Z [This is a warning dog] debug: Debugging test
2019-11-18T18:32:04.218Z [Main: This is a warning dog] error: This is a mistake
2019-11-18T18:32:04.221Z [Main: This is a warning dog] info: Starting points of interest application! :-)
2019-11-18T18:32:04.221Z [Main: This is a warning dog] debug: Debugging test
2019-11-18T18:35:31.655Z [Main: This is a warning dog] error: This is a mistake
2019-11-18T19:24:14.178Z [Main: This is a warning dog] error: This is a mistake
2019-11-18T19:24:14.181Z [Main: This is a warning dog] info: Starting points of interest application! :-)
2019-11-18T19:24:14.181Z [Main: This is a warning dog] debug: Debugging test
2019-11-18T19:30:37.925Z [Main: This is a warning dog] error: This is a mistake
2019-11-18T19:30:37.929Z [Main: This is a warning dog] info: Starting points of interest application! :-)
2019-11-18T19:30:37.930Z [Main: This is a warning dog] debug: Debugging test
2019-11-18T19:31:52.021Z [Main: This is a warning dog] error: This is a mistake
2019-11-18T19:31:52.024Z [Main: This is a warning dog] info: Starting points of interest application! :-)
2019-11-18T19:31:52.024Z [Main: This is a warning dog] debug: Debugging test
2019-11-18T19:52:26.906Z [Main: This is a warning dog] error: This is a mistake
2019-11-18T19:52:26.909Z [Main: This is a warning dog] info: Starting points of interest application! :-)
2019-11-18T19:52:26.909Z [Main: This is a warning dog] debug: Debugging test
2019-11-18T19:56:19.570Z [Main: This is a warning dog] error: This is a mistake
2019-11-18T19:56:19.573Z [Main: This is a warning dog] info: Starting points of interest application! :-)
2019-11-18T19:56:19.573Z [Main: This is a warning dog] debug: Debugging test
2019-11-18T19:56:24.474Z [Main: This is a warning dog] debug: {"query":"pontevedra"}
2019-11-18T19:57:09.826Z [Main: This is a warning dog] error: This is a mistake
2019-11-18T19:57:09.829Z [Main: This is a warning dog] info: Starting points of interest application! :-)
2019-11-18T19:57:09.829Z [Main: This is a warning dog] debug: Debugging test
2019-11-18T19:57:19.063Z [Main: This is a warning dog] debug: {"state":"pontevedra"}
2019-11-18T19:57:24.212Z [Main: This is a warning dog] debug: {"state":"ourense"}
2019-11-18T19:57:29.355Z [Main: This is a warning dog] debug: {"state":"pontevedra"}
2019-11-18T20:09:11.887Z [Main: This is a warning dog] error: This is a mistake
2019-11-18T20:09:11.890Z [Main: This is a warning dog] info: Starting points of interest application! :-)
2019-11-18T20:09:11.890Z [Main: This is a warning dog] debug: Debugging test
2019-11-18T20:09:17.233Z [Main: This is a warning dog] debug: {"state":"pontevedra"}
2019-11-18T20:09:20.262Z [Main: This is a warning dog] debug: {"state":"puu"}
2019-11-18T20:09:23.261Z [Main: This is a warning dog] debug: {}
2019-11-18T20:09:55.546Z [Main: This is a warning dog] error: This is a mistake
2019-11-18T20:09:55.548Z [Main: This is a warning dog] info: Starting points of interest application! :-)
2019-11-18T20:09:55.548Z [Main: This is a warning dog] debug: Debugging test
2019-11-18T20:09:58.817Z [Main: This is a warning dog] debug: {}
2019-11-18T20:10:56.961Z [Main: This is a warning dog] error: This is a mistake
2019-11-18T20:10:56.963Z [Main: This is a warning dog] info: Starting points of interest application! :-)
2019-11-18T20:10:56.963Z [Main: This is a warning dog] debug: Debugging test
2019-11-18T20:11:01.495Z [Main: This is a warning dog] debug: {}
2019-11-18T20:11:21.107Z [Main: This is a warning dog] error: This is a mistake
2019-11-18T20:11:21.109Z [Main: This is a warning dog] info: Starting points of interest application! :-)
2019-11-18T20:11:21.110Z [Main: This is a warning dog] debug: Debugging test
2019-11-18T20:11:24.374Z [Main: This is a warning dog] debug: {}
2019-11-18T20:13:19.465Z [Main: This is a warning dog] error: This is a mistake
2019-11-18T20:13:19.467Z [Main: This is a warning dog] info: Starting points of interest application! :-)
2019-11-18T20:13:19.467Z [Main: This is a warning dog] debug: Debugging test
2019-11-18T20:13:23.638Z [Main: This is a warning dog] debug: {}
2019-11-18T20:27:38.347Z [Main: This is a warning dog] error: This is a mistake
2019-11-18T20:27:38.350Z [Main: This is a warning dog] info: Starting points of interest application! :-)
2019-11-18T20:27:38.350Z [Main: This is a warning dog] debug: Debugging test
2019-11-18T20:29:04.457Z [Main: This is a warning dog] error: This is a mistake
2019-11-18T20:29:04.459Z [Main: This is a warning dog] info: Starting points of interest application! :-)
2019-11-18T20:29:04.460Z [Main: This is a warning dog] debug: Debugging test
2019-11-18T20:29:30.660Z [Main: This is a warning dog] error: This is a mistake
2019-11-18T20:29:30.663Z [Main: This is a warning dog] info: Starting points of interest application! :-)
2019-11-18T20:29:30.663Z [Main: This is a warning dog] debug: Debugging test
2019-11-18T20:31:07.642Z [Main: This is a warning dog] error: This is a mistake
2019-11-18T20:31:07.645Z [Main: This is a warning dog] info: Starting points of interest application! :-)
2019-11-18T20:31:07.645Z [Main: This is a warning dog] debug: Debugging test
2019-11-18T20:33:26.794Z [Main: This is a warning dog] error: This is a mistake
2019-11-18T20:33:26.796Z [Main: This is a warning dog] info: Starting points of interest application! :-)
2019-11-18T20:33:26.796Z [Main: This is a warning dog] debug: Debugging test
2019-11-18T20:33:58.523Z [Main: This is a warning dog] error: This is a mistake
2019-11-18T20:33:58.526Z [Main: This is a warning dog] info: Starting points of interest application! :-)
2019-11-18T20:33:58.526Z [Main: This is a warning dog] debug: Debugging test
2019-11-19T17:18:46.385Z [Main: This is a warning dog] error: This is a mistake
2019-11-19T17:18:46.388Z [Main: This is a warning dog] info: Starting points of interest application! :-)
2019-11-19T17:18:46.388Z [Main: This is a warning dog] debug: Debugging test
2019-11-19T17:19:04.357Z [Main: This is a warning dog] debug: {}
2019-11-19T17:52:36.348Z [Main: This is a warning dog] error: This is a mistake
2019-11-19T17:52:36.351Z [Main: This is a warning dog] info: Starting points of interest application! :-)
2019-11-19T17:52:36.351Z [Main: This is a warning dog] debug: Debugging test
2019-11-19T17:58:39.631Z [Main: This is a warning dog] error: This is a mistake
2019-11-19T17:58:39.633Z [Main: This is a warning dog] info: Starting points of interest application! :-)
2019-11-19T17:58:39.633Z [Main: This is a warning dog] debug: Debugging test
2019-11-19T17:58:44.665Z [Main: This is a warning dog] debug: Acabo de recibir una petición de playas
2019-11-19T17:58:55.611Z [Main: This is a warning dog] debug: Acabo de recibir una petición de playas
2019-11-19T18:13:24.676Z [Main: This is a warning dog] error: This is a mistake
2019-11-19T18:13:24.678Z [Main: This is a warning dog] info: Starting points of interest application! :-)
2019-11-19T18:13:24.679Z [Main: This is a warning dog] debug: Debugging test
2019-11-19T18:13:41.217Z [Main: This is a warning dog] debug: Acabo de recibir una petición de playas
2019-11-19T18:14:14.453Z [Main: This is a warning dog] debug: Acabo de recibir una petición de playas
2019-11-19T18:22:26.985Z [Main: This is a warning dog] debug: Acabo de recibir una petición de playas
2019-11-19T18:25:16.867Z [Main: This is a warning dog] debug: Acabo de recibir una petición de playas
2019-11-19T18:44:06.828Z [Main: This is a warning dog] error: This is a mistake
2019-11-19T18:44:06.831Z [Main: This is a warning dog] info: Starting points of interest application! :-)
2019-11-19T18:44:06.831Z [Main: This is a warning dog] debug: Debugging test
2019-11-19T18:44:13.924Z [Main: This is a warning dog] debug: Acabo de recibir una petición de playas
2019-11-19T18:44:25.597Z [Main: This is a warning dog] debug: Acabo de recibir una petición de playas
2019-11-19T18:46:29.628Z [Main: This is a warning dog] error: This is a mistake
2019-11-19T18:46:29.631Z [Main: This is a warning dog] info: Starting points of interest application! :-)
2019-11-19T18:46:29.631Z [Main: This is a warning dog] debug: Debugging test
2019-11-19T18:46:36.620Z [Main: This is a warning dog] debug: Acabo de recibir una petición de playas
2019-11-19T18:46:42.950Z [Main: This is a warning dog] debug: Acabo de recibir una petición de playas
2019-11-19T18:47:34.497Z [Main: This is a warning dog] debug: Acabo de recibir una petición de playas
2019-11-19T18:47:40.793Z [Main: This is a warning dog] debug: Acabo de recibir una petición de playas
2019-11-19T18:47:46.617Z [Main: This is a warning dog] debug: Acabo de recibir una petición de playas
2019-11-19T18:47:52.030Z [Main: This is a warning dog] debug: Acabo de recibir una petición de playas
2019-11-19T19:04:19.208Z [Main: This is a warning dog] error: This is a mistake
2019-11-19T19:04:19.211Z [Main: This is a warning dog] info: Starting points of interest application! :-)
2019-11-19T19:04:19.211Z [Main: This is a warning dog] debug: Debugging test
2019-11-19T19:06:49.509Z [Main: This is a warning dog] error: This is a mistake
2019-11-19T19:06:49.512Z [Main: This is a warning dog] info: Starting points of interest application! :-)
2019-11-19T19:06:49.512Z [Main: This is a warning dog] debug: Debugging test
2019-11-19T19:25:40.870Z [Main: This is a warning dog] debug: {}
2019-11-19T19:29:46.328Z [Main: This is a warning dog] error: This is a mistake
2019-11-19T19:29:46.330Z [Main: This is a warning dog] info: Starting points of interest application! :-)
2019-11-19T19:29:46.331Z [Main: This is a warning dog] debug: Debugging test
2019-11-19T19:35:20.135Z [Main: This is a warning dog] error: This is a mistake
2019-11-19T19:35:20.137Z [Main: This is a warning dog] info: Starting points of interest application! :-)
2019-11-19T19:35:20.138Z [Main: This is a warning dog] debug: Debugging test
2019-11-19T19:35:26.786Z [Main: This is a warning dog] debug: {}
2019-11-19T19:37:23.357Z [Main: This is a warning dog] debug: {}
2019-11-19T19:38:19.365Z [Main: This is a warning dog] error: This is a mistake
2019-11-19T19:38:19.368Z [Main: This is a warning dog] info: Starting points of interest application! :-)
2019-11-19T19:38:19.368Z [Main: This is a warning dog] debug: Debugging test
2019-11-19T19:38:23.159Z [Main: This is a warning dog] debug: Acabo de recibir una petición de playas
2019-11-19T20:11:01.490Z [Main: This is a warning dog] error: This is a mistake
2019-11-19T20:11:01.493Z [Main: This is a warning dog] info: Starting points of interest application! :-)
2019-11-19T20:11:01.493Z [Main: This is a warning dog] debug: Debugging test
2019-11-19T20:11:17.118Z [Main: This is a warning dog] debug: {}
2019-11-19T20:22:09.187Z [Main: This is a warning dog] error: This is a mistake
2019-11-19T20:22:09.190Z [Main: This is a warning dog] info: Starting points of interest application! :-)
2019-11-19T20:22:09.190Z [Main: This is a warning dog] debug: Debugging test
2019-11-19T20:24:24.537Z [Main: This is a warning dog] error: This is a mistake
2019-11-19T20:24:24.540Z [Main: This is a warning dog] info: Starting points of interest application! :-)
2019-11-19T20:24:24.540Z [Main: This is a warning dog] debug: Debugging test
2019-11-19T20:27:46.581Z [Main: This is a warning dog] error: This is a mistake
2019-11-19T20:27:46.584Z [Main: This is a warning dog] info: Starting points of interest application! :-)
2019-11-19T20:27:46.584Z [Main: This is a warning dog] debug: Debugging test
2019-11-19T20:27:51.498Z [Main: This is a warning dog] debug: Acabo de recibir una petición de playas
2019-11-19T20:30:23.029Z [Main: This is a warning dog] error: This is a mistake
2019-11-19T20:30:23.031Z [Main: This is a warning dog] info: Starting points of interest application! :-)
2019-11-19T20:30:23.032Z [Main: This is a warning dog] debug: Debugging test
2019-11-19T20:30:36.565Z [Main: This is a warning dog] debug: Acabo de recibir una petición de playas (cached: false)
2019-11-19T20:30:49.290Z [Main: This is a warning dog] debug: Acabo de recibir una petición de playas (cached: true)
2019-11-19T20:30:51.989Z [Main: This is a warning dog] debug: Acabo de recibir una petición de playas (cached: true)
2019-11-19T20:30:53.653Z [Main: This is a warning dog] debug: Acabo de recibir una petición de playas (cached: true)
2019-11-19T20:30:54.934Z [Main: This is a warning dog] debug: Acabo de recibir una petición de playas (cached: true)
2019-11-19T20:30:55.837Z [Main: This is a warning dog] debug: Acabo de recibir una petición de playas (cached: true)
2019-11-19T20:30:56.297Z [Main: This is a warning dog] debug: Acabo de recibir una petición de playas (cached: true)
2019-11-19T20:30:57.140Z [Main: This is a warning dog] debug: Acabo de recibir una petición de playas (cached: true)
2019-11-19T20:30:59.804Z [Main: This is a warning dog] debug: Acabo de recibir una petición de playas (cached: true)
2019-11-19T20:31:18.551Z [Main: This is a warning dog] debug: Acabo de recibir una petición de playas (cached: false)
2019-11-20T17:46:52.024Z [Main: This is a warning dog] info: Starting points of interest application
2019-11-20T17:47:08.128Z [Main: This is a warning dog] debug: Acabo de recibir una petición de playas (cached: false
2019-11-20T17:47:10.284Z [Main: This is a warning dog] debug: Acabo de recibir una petición de playas (cached: true
2019-11-20T17:55:41.583Z [Main: This is a warning dog] debug: Acabo de recibir una petición de playas (cached: false
2019-11-20T18:00:37.633Z [Main: This is a warning dog] debug: Acabo de recibir una petición de playas (cached: false
2019-11-20T18:36:46.319Z [Main: This is a warning dog] debug: Acabo de recibir una petición de playas (cached: false
2019-11-20T19:34:13.805Z [Main: This is a warning dog] info: Starting points of interest application on port 3000
2019-11-20T19:34:19.929Z [Main: This is a warning dog] debug: Acabo de recibir una petición de playas (cached: false
